Determining if the pthread_create exist failed with the following output:
Change Dir: /home/ubuntu/coding/ethz_asl_UAV_autonomous/build/catkin_tools_prebuild/CMakeFiles/CMakeTmp

Run Build Command:"/usr/bin/make" "cmTC_1e266/fast"
/usr/bin/make -f CMakeFiles/cmTC_1e266.dir/build.make CMakeFiles/cmTC_1e266.dir/build
make[1]: Entering directory '/home/ubuntu/coding/ethz_asl_UAV_autonomous/build/catkin_tools_prebuild/CMakeFiles/CMakeTmp'
Building C object CMakeFiles/cmTC_1e266.dir/CheckSymbolExists.c.o
/usr/bin/cc     -o CMakeFiles/cmTC_1e266.dir/CheckSymbolExists.c.o   -c /home/ubuntu/coding/ethz_asl_UAV_autonomous/build/catkin_tools_prebuild/CMakeFiles/CMakeTmp/CheckSymbolExists.c
Linking C executable cmTC_1e266
/usr/bin/cmake -E cmake_link_script CMakeFiles/cmTC_1e266.dir/link.txt --verbose=1
/usr/bin/cc       CMakeFiles/cmTC_1e266.dir/CheckSymbolExists.c.o  -o cmTC_1e266 -rdynamic 
CMakeFiles/cmTC_1e266.dir/CheckSymbolExists.c.o: In function `main':
CheckSymbolExists.c:(.text+0x16): undefined reference to `pthread_create'
collect2: error: ld returned 1 exit status
CMakeFiles/cmTC_1e266.dir/build.make:97: recipe for target 'cmTC_1e266' failed
make[1]: *** [cmTC_1e266] Error 1
make[1]: Leaving directory '/home/ubuntu/coding/ethz_asl_UAV_autonomous/build/catkin_tools_prebuild/CMakeFiles/CMakeTmp'
Makefile:126: recipe for target 'cmTC_1e266/fast' failed
make: *** [cmTC_1e266/fast] Error 2

File /home/ubuntu/coding/ethz_asl_UAV_autonomous/build/catkin_tools_prebuild/CMakeFiles/CMakeTmp/CheckSymbolExists.c:
/* */
#include <pthread.h>

int main(int argc, char** argv)
{
  (void)argv;
#ifndef pthread_create
  return ((int*)(&pthread_create))[argc];
#else
  (void)argc;
  return 0;
#endif
}

Determining if the function pthread_create exists in the pthreads failed with the following output:
Change Dir: /home/ubuntu/coding/ethz_asl_UAV_autonomous/build/catkin_tools_prebuild/CMakeFiles/CMakeTmp

Run Build Command:"/usr/bin/make" "cmTC_16fed/fast"
/usr/bin/make -f CMakeFiles/cmTC_16fed.dir/build.make CMakeFiles/cmTC_16fed.dir/build
make[1]: Entering directory '/home/ubuntu/coding/ethz_asl_UAV_autonomous/build/catkin_tools_prebuild/CMakeFiles/CMakeTmp'
Building C object CMakeFiles/cmTC_16fed.dir/CheckFunctionExists.c.o
/usr/bin/cc    -DCHECK_FUNCTION_EXISTS=pthread_create   -o CMakeFiles/cmTC_16fed.dir/CheckFunctionExists.c.o   -c /usr/share/cmake-3.5/Modules/CheckFunctionExists.c
Linking C executable cmTC_16fed
/usr/bin/cmake -E cmake_link_script CMakeFiles/cmTC_16fed.dir/link.txt --verbose=1
/usr/bin/cc   -DCHECK_FUNCTION_EXISTS=pthread_create    CMakeFiles/cmTC_16fed.dir/CheckFunctionExists.c.o  -o cmTC_16fed -rdynamic -lpthreads 
/usr/bin/ld: cannot find -lpthreads
collect2: error: ld returned 1 exit status
CMakeFiles/cmTC_16fed.dir/build.make:97: recipe for target 'cmTC_16fed' failed
make[1]: *** [cmTC_16fed] Error 1
make[1]: Leaving directory '/home/ubuntu/coding/ethz_asl_UAV_autonomous/build/catkin_tools_prebuild/CMakeFiles/CMakeTmp'
Makefile:126: recipe for target 'cmTC_16fed/fast' failed
make: *** [cmTC_16fed/fast] Error 2


