Determining if the pthread_create exist failed with the following output:
Change Dir: /home/ubuntu/coding/ethz_asl_UAV_autonomous/build/rovio/CMakeFiles/CMakeTmp

Run Build Command:"/usr/bin/make" "cmTC_78385/fast"
/usr/bin/make -f CMakeFiles/cmTC_78385.dir/build.make CMakeFiles/cmTC_78385.dir/build
make[1]: Entering directory '/home/ubuntu/coding/ethz_asl_UAV_autonomous/build/rovio/CMakeFiles/CMakeTmp'
Building C object CMakeFiles/cmTC_78385.dir/CheckSymbolExists.c.o
/usr/bin/cc     -o CMakeFiles/cmTC_78385.dir/CheckSymbolExists.c.o   -c /home/ubuntu/coding/ethz_asl_UAV_autonomous/build/rovio/CMakeFiles/CMakeTmp/CheckSymbolExists.c
Linking C executable cmTC_78385
/usr/bin/cmake -E cmake_link_script CMakeFiles/cmTC_78385.dir/link.txt --verbose=1
/usr/bin/cc       CMakeFiles/cmTC_78385.dir/CheckSymbolExists.c.o  -o cmTC_78385 -rdynamic 
CMakeFiles/cmTC_78385.dir/CheckSymbolExists.c.o: In function `main':
CheckSymbolExists.c:(.text+0x16): undefined reference to `pthread_create'
collect2: error: ld returned 1 exit status
CMakeFiles/cmTC_78385.dir/build.make:97: recipe for target 'cmTC_78385' failed
make[1]: *** [cmTC_78385] Error 1
make[1]: Leaving directory '/home/ubuntu/coding/ethz_asl_UAV_autonomous/build/rovio/CMakeFiles/CMakeTmp'
Makefile:126: recipe for target 'cmTC_78385/fast' failed
make: *** [cmTC_78385/fast] Error 2

File /home/ubuntu/coding/ethz_asl_UAV_autonomous/build/rovio/CMakeFiles/CMakeTmp/CheckSymbolExists.c:
/* */
#include <pthread.h>

int main(int argc, char** argv)
{
  (void)argv;
#ifndef pthread_create
  return ((int*)(&pthread_create))[argc];
#else
  (void)argc;
  return 0;
#endif
}

Determining if the function pthread_create exists in the pthreads failed with the following output:
Change Dir: /home/ubuntu/coding/ethz_asl_UAV_autonomous/build/rovio/CMakeFiles/CMakeTmp

Run Build Command:"/usr/bin/make" "cmTC_ddc52/fast"
/usr/bin/make -f CMakeFiles/cmTC_ddc52.dir/build.make CMakeFiles/cmTC_ddc52.dir/build
make[1]: Entering directory '/home/ubuntu/coding/ethz_asl_UAV_autonomous/build/rovio/CMakeFiles/CMakeTmp'
Building C object CMakeFiles/cmTC_ddc52.dir/CheckFunctionExists.c.o
/usr/bin/cc    -DCHECK_FUNCTION_EXISTS=pthread_create   -o CMakeFiles/cmTC_ddc52.dir/CheckFunctionExists.c.o   -c /usr/share/cmake-3.5/Modules/CheckFunctionExists.c
Linking C executable cmTC_ddc52
/usr/bin/cmake -E cmake_link_script CMakeFiles/cmTC_ddc52.dir/link.txt --verbose=1
/usr/bin/cc   -DCHECK_FUNCTION_EXISTS=pthread_create    CMakeFiles/cmTC_ddc52.dir/CheckFunctionExists.c.o  -o cmTC_ddc52 -rdynamic -lpthreads 
/usr/bin/ld: cannot find -lpthreads
collect2: error: ld returned 1 exit status
CMakeFiles/cmTC_ddc52.dir/build.make:97: recipe for target 'cmTC_ddc52' failed
make[1]: *** [cmTC_ddc52] Error 1
make[1]: Leaving directory '/home/ubuntu/coding/ethz_asl_UAV_autonomous/build/rovio/CMakeFiles/CMakeTmp'
Makefile:126: recipe for target 'cmTC_ddc52/fast' failed
make: *** [cmTC_ddc52/fast] Error 2


