Not searching for unused variables given on the command line.
[36m--[0m Using CATKIN_DEVEL_PREFIX: /home/ubuntu/coding/ethz_asl_UAV_autonomous/devel/.private/rovio
[36m--[0m Using CMAKE_PREFIX_PATH: /home/ubuntu/coding/ethz_asl_UAV_autonomous/devel;/home/ubuntu/coding/ros-mapping-ws/devel;/home/ubuntu/coding/ros-SLAM-ws/devel;/home/ubuntu/coding/MYNT-SDK/MYNT-EYE-D-SDK/wrappers/ros/devel;/home/ubuntu/coding/px4-simulation/avoidance_ros_ws/devel;/home/ubuntu/coding/px4-simulation/gazebo_ros_ws/devel;/opt/ros/kinetic
[36m--[0m This workspace overlays: /home/ubuntu/coding/ethz_asl_UAV_autonomous/devel;/home/ubuntu/coding/ros-mapping-ws/devel;/home/ubuntu/coding/ros-SLAM-ws/devel;/home/ubuntu/coding/MYNT-SDK/MYNT-EYE-D-SDK/wrappers/ros/devel;/home/ubuntu/coding/px4-simulation/avoidance_ros_ws/devel;/home/ubuntu/coding/px4-simulation/gazebo_ros_ws/devel;/opt/ros/kinetic
[36m--[0m Using PYTHON_EXECUTABLE: /usr/bin/python
[36m--[0m Using Debian Python package layout
[36m--[0m Using empy: /usr/bin/empy
[36m--[0m Using CATKIN_ENABLE_TESTING: ON
[36m--[0m Call enable_testing()
[36m--[0m Using CATKIN_TEST_RESULTS_DIR: /home/ubuntu/coding/ethz_asl_UAV_autonomous/build/rovio/test_results
[36m--[0m Found gmock sources under '/usr/src/gmock': gmock will be built
[36m--[0m Found gtest sources under '/usr/src/gmock': gtests will be built
[36m--[0m Using Python nosetests: /usr/bin/nosetests-2.7
[36m--[0m catkin 0.7.14
[36m--[0m Building ROVIO with openGL Scene Visualization
[36m--[0m No yaml_cpp_catkin, using yaml-cpp system library instead.
[36m--[0m Using CATKIN_DEVEL_PREFIX: /home/ubuntu/coding/ethz_asl_UAV_autonomous/devel/.private/rovio
[36m--[0m Using CMAKE_PREFIX_PATH: /home/ubuntu/coding/ethz_asl_UAV_autonomous/devel;/home/ubuntu/coding/ros-mapping-ws/devel;/home/ubuntu/coding/ros-SLAM-ws/devel;/home/ubuntu/coding/MYNT-SDK/MYNT-EYE-D-SDK/wrappers/ros/devel;/home/ubuntu/coding/px4-simulation/avoidance_ros_ws/devel;/home/ubuntu/coding/px4-simulation/gazebo_ros_ws/devel;/opt/ros/kinetic
[36m--[0m This workspace overlays: /home/ubuntu/coding/ethz_asl_UAV_autonomous/devel;/home/ubuntu/coding/ros-mapping-ws/devel;/home/ubuntu/coding/ros-SLAM-ws/devel;/home/ubuntu/coding/MYNT-SDK/MYNT-EYE-D-SDK/wrappers/ros/devel;/home/ubuntu/coding/px4-simulation/avoidance_ros_ws/devel;/home/ubuntu/coding/px4-simulation/gazebo_ros_ws/devel;/opt/ros/kinetic
[36m--[0m Using PYTHON_EXECUTABLE: /usr/bin/python
[36m--[0m Using Debian Python package layout
[36m--[0m Using empy: /usr/bin/empy
[36m--[0m Using CATKIN_ENABLE_TESTING: ON
[36m--[0m Call enable_testing()
[36m--[0m Using CATKIN_TEST_RESULTS_DIR: /home/ubuntu/coding/ethz_asl_UAV_autonomous/build/rovio/test_results
[36m--[0m Using Python nosetests: /usr/bin/nosetests-2.7
[36m--[0m catkin 0.7.14
[36m--[0m Using these message generators: gencpp;geneus;genlisp;gennodejs;genpy
[36m--[0m rovio: 0 messages, 1 services
[36m--[0m Configuring done
[36m--[0m Generating done
[36m--[0m Build files have been written to: /home/ubuntu/coding/ethz_asl_UAV_autonomous/build/rovio
