[  0%] Built target geometry_msgs_generate_messages_nodejs
[  0%] Built target std_msgs_generate_messages_lisp
[  0%] Built target std_msgs_generate_messages_nodejs
[  0%] Built target std_msgs_generate_messages_eus
[  0%] Built target geometry_msgs_generate_messages_eus
[  0%] Built target tf_generate_messages_py
[  0%] Built target geometry_msgs_generate_messages_lisp
[  0%] Built target topic_tools_generate_messages_nodejs
[  0%] Built target topic_tools_generate_messages_lisp
[  0%] Built target topic_tools_generate_messages_cpp
[  0%] Built target topic_tools_generate_messages_eus
[  0%] Built target tf2_msgs_generate_messages_nodejs
[  0%] Built target std_srvs_generate_messages_cpp
[  0%] Built target tf2_msgs_generate_messages_lisp
[  0%] Built target _rovio_generate_messages_check_deps_SrvResetToPose
[  0%] Built target tf2_msgs_generate_messages_eus
[  0%] Built target tf2_msgs_generate_messages_cpp
[  0%] Built target std_msgs_generate_messages_cpp
[  0%] Built target actionlib_generate_messages_py
[  0%] Built target geometry_msgs_generate_messages_cpp
[  0%] Built target actionlib_generate_messages_eus
[  0%] Built target sensor_msgs_generate_messages_cpp
[  0%] Built target std_srvs_generate_messages_py
[  0%] Built target rosgraph_msgs_generate_messages_lisp
[  0%] Built target nav_msgs_generate_messages_eus
[  0%] Built target std_srvs_generate_messages_nodejs
[  0%] Built target roscpp_generate_messages_nodejs
[  0%] Built target roscpp_generate_messages_lisp
[  0%] Built target tf_generate_messages_eus
[  0%] Built target rosgraph_msgs_generate_messages_nodejs
[  0%] Built target rosgraph_msgs_generate_messages_cpp
[  0%] Built target nav_msgs_generate_messages_cpp
[  0%] Built target actionlib_generate_messages_nodejs
[  0%] Built target actionlib_generate_messages_lisp
[  0%] Built target actionlib_msgs_generate_messages_cpp
[  0%] Built target sensor_msgs_generate_messages_eus
[  0%] Built target std_srvs_generate_messages_lisp
[  0%] Built target actionlib_msgs_generate_messages_eus
[  0%] Built target roscpp_generate_messages_eus
[  0%] Built target std_msgs_generate_messages_py
[  0%] Built target geometry_msgs_generate_messages_py
[  0%] Built target actionlib_msgs_generate_messages_py
[  0%] Built target roscpp_generate_messages_cpp
[  0%] Built target rosgraph_msgs_generate_messages_eus
[  0%] Built target std_srvs_generate_messages_eus
[  0%] Built target tf_generate_messages_cpp
[  0%] Built target sensor_msgs_generate_messages_nodejs
[  0%] Built target sensor_msgs_generate_messages_lisp
[  0%] Built target nav_msgs_generate_messages_nodejs
[  0%] Built target nav_msgs_generate_messages_py
[  0%] Built target nav_msgs_generate_messages_lisp
[  0%] Built target actionlib_msgs_generate_messages_lisp
[  0%] Built target tf2_msgs_generate_messages_py
[  0%] Built target actionlib_msgs_generate_messages_nodejs
[  0%] Built target sensor_msgs_generate_messages_py
[  0%] Built target topic_tools_generate_messages_py
[  0%] Built target actionlib_generate_messages_cpp
[  0%] Built target roscpp_generate_messages_py
[  0%] Built target rosgraph_msgs_generate_messages_py
[  0%] Built target tf_generate_messages_lisp
[  0%] Built target tf_generate_messages_nodejs
[  5%] Built target rovio_generate_messages_nodejs
[ 16%] Built target rovio_generate_messages_eus
[ 22%] Built target rovio_generate_messages_lisp
[ 27%] Built target rovio_generate_messages_cpp
[ 38%] Built target rovio_generate_messages_py
[ 38%] Built target rovio_generate_messages
[35m[1mScanning dependencies of target rovio[0m
[ 50%] [32mBuilding CXX object CMakeFiles/rovio.dir/src/Scene.cpp.o[0m
[ 50%] [32mBuilding CXX object CMakeFiles/rovio.dir/src/Camera.cpp.o[0m
[ 55%] [32mBuilding CXX object CMakeFiles/rovio.dir/src/FeatureCoordinates.cpp.o[0m
In file included from [01m[K/home/ubuntu/coding/ethz_asl_UAV_autonomous/src/rovio/src/Camera.cpp:1:0[m[K:
[01m[K/home/ubuntu/coding/ethz_asl_UAV_autonomous/src/rovio/include/rovio/Camera.hpp:32:44:[m[K [01;31m[Kfatal error: [m[Klightweight_filtering/common.hpp: No such file or directory
compilation terminated.
CMakeFiles/rovio.dir/build.make:62: recipe for target 'CMakeFiles/rovio.dir/src/Camera.cpp.o' failed
make[2]: *** [CMakeFiles/rovio.dir/src/Camera.cpp.o] Error 1
make[2]: *** Waiting for unfinished jobs....
In file included from [01m[K/home/ubuntu/coding/ethz_asl_UAV_autonomous/src/rovio/src/Scene.cpp:1:0[m[K:
[01m[K/home/ubuntu/coding/ethz_asl_UAV_autonomous/src/rovio/include/rovio/Scene.hpp:32:44:[m[K [01;31m[Kfatal error: [m[Klightweight_filtering/common.hpp: No such file or directory
compilation terminated.
In file included from [01m[K/home/ubuntu/coding/ethz_asl_UAV_autonomous/src/rovio/src/FeatureCoordinates.cpp:1:0[m[K:
[01m[K/home/ubuntu/coding/ethz_asl_UAV_autonomous/src/rovio/include/rovio/FeatureCoordinates.hpp:32:44:[m[K [01;31m[Kfatal error: [m[Klightweight_filtering/common.hpp: No such file or directory
compilation terminated.
CMakeFiles/rovio.dir/build.make:134: recipe for target 'CMakeFiles/rovio.dir/src/Scene.cpp.o' failed
make[2]: *** [CMakeFiles/rovio.dir/src/Scene.cpp.o] Error 1
CMakeFiles/rovio.dir/build.make:86: recipe for target 'CMakeFiles/rovio.dir/src/FeatureCoordinates.cpp.o' failed
make[2]: *** [CMakeFiles/rovio.dir/src/FeatureCoordinates.cpp.o] Error 1
CMakeFiles/Makefile2:1561: recipe for target 'CMakeFiles/rovio.dir/all' failed
make[1]: *** [CMakeFiles/rovio.dir/all] Error 2
Makefile:138: recipe for target 'all' failed
make: *** [all] Error 2
